Flow report for Sequence_Detector_FSM
Fri Oct 30 17:38:58 2020
Quartus Prime Version 19.1.0 Build 670 09/22/2019 SJ Lite Edition


---------------------
; Table of Contents ;
---------------------
  1. Legal Notice
  2. Flow Summary
  3. Flow Settings
  4. Flow Non-Default Global Settings
  5. Flow Elapsed Time
  6. Flow OS Summary
  7. Flow Log
  8. Flow Messages
  9. Flow Suppressed Messages



----------------
; Legal Notice ;
----------------
Copyright (C) 2019  Intel Corporation. All rights reserved.
Your use of Intel Corporation's design tools, logic functions 
and other software and tools, and any partner logic 
functions, and any output files from any of the foregoing 
(including device programming or simulation files), and any 
associated documentation or information are expressly subject 
to the terms and conditions of the Intel Program License 
Subscription Agreement, the Intel Quartus Prime License Agreement,
the Intel FPGA IP License Agreement, or other applicable license
agreement, including, without limitation, that your use is for
the sole purpose of programming logic devices manufactured by
Intel and sold by Intel or its authorized distributors.  Please
refer to the applicable agreement for further details, at
https://fpgasoftware.intel.com/eula.



+----------------------------------------------------------------------------------+
; Flow Summary                                                                     ;
+------------------------------------+---------------------------------------------+
; Flow Status                        ; Successful - Fri Oct 30 17:38:58 2020       ;
; Quartus Prime Version              ; 19.1.0 Build 670 09/22/2019 SJ Lite Edition ;
; Revision Name                      ; Sequence_Detector_FSM                       ;
; Top-level Entity Name              ; sequence_detector_fsm                       ;
; Family                             ; Cyclone IV E                                ;
; Device                             ; EP4CE22F17C6                                ;
; Timing Models                      ; Final                                       ;
; Total logic elements               ; 4 / 22,320 ( < 1 % )                        ;
;     Total combinational functions  ; 4 / 22,320 ( < 1 % )                        ;
;     Dedicated logic registers      ; 4 / 22,320 ( < 1 % )                        ;
; Total registers                    ; 4                                           ;
; Total pins                         ; 3 / 154 ( 2 % )                             ;
; Total virtual pins                 ; 0                                           ;
; Total memory bits                  ; 0 / 608,256 ( 0 % )                         ;
; Embedded Multiplier 9-bit elements ; 0 / 132 ( 0 % )                             ;
; Total PLLs                         ; 0 / 4 ( 0 % )                               ;
+------------------------------------+---------------------------------------------+


+-------------------------------------------+
; Flow Settings                             ;
+-------------------+-----------------------+
; Option            ; Setting               ;
+-------------------+-----------------------+
; Start date & time ; 10/30/2020 17:38:12   ;
; Main task         ; Compilation           ;
; Revision Name     ; Sequence_Detector_FSM ;
+-------------------+-----------------------+


+-----------------------------------------------------------------------------------------------------------------------------------------------------+
; Flow Non-Default Global Settings                                                                                                                    ;
+--------------------------------------+----------------------------------------+---------------+-----------------------+-----------------------------+
; Assignment Name                      ; Value                                  ; Default Value ; Entity Name           ; Section Id                  ;
+--------------------------------------+----------------------------------------+---------------+-----------------------+-----------------------------+
; COMPILER_SIGNATURE_ID                ; 30905335318432.160405969116960         ; --            ; --                    ; --                          ;
; EDA_DESIGN_INSTANCE_NAME             ; NA                                     ; --            ; --                    ; Sequence_Detector_tb_Vector ;
; EDA_NATIVELINK_SIMULATION_TEST_BENCH ; Sequence_Detector_tb_Vector            ; --            ; --                    ; eda_simulation              ;
; EDA_OUTPUT_DATA_FORMAT               ; Verilog Hdl                            ; --            ; --                    ; eda_simulation              ;
; EDA_SIMULATION_TOOL                  ; ModelSim-Altera (Verilog)              ; <None>        ; --                    ; --                          ;
; EDA_TEST_BENCH_ENABLE_STATUS         ; TEST_BENCH_MODE                        ; --            ; --                    ; eda_simulation              ;
; EDA_TEST_BENCH_FILE                  ; Sequence_Detector_tb_Vector.sv         ; --            ; --                    ; Sequence_Detector_tb_Vector ;
; EDA_TEST_BENCH_MODULE_NAME           ; Sequence_Detector_tb_Vector            ; --            ; --                    ; Sequence_Detector_tb_Vector ;
; EDA_TEST_BENCH_NAME                  ; Sequence_Detector_tb_Vector            ; --            ; --                    ; eda_simulation              ;
; EDA_TEST_BENCH_RUN_SIM_FOR           ; 165 ns                                 ; --            ; --                    ; Sequence_Detector_tb_Vector ;
; EDA_TIME_SCALE                       ; 1 ps                                   ; --            ; --                    ; eda_simulation              ;
; MAX_CORE_JUNCTION_TEMP               ; 85                                     ; --            ; --                    ; --                          ;
; MIN_CORE_JUNCTION_TEMP               ; 0                                      ; --            ; --                    ; --                          ;
; PARTITION_COLOR                      ; -- (Not supported for targeted family) ; --            ; sequence_detector_fsm ; Top                         ;
; PARTITION_FITTER_PRESERVATION_LEVEL  ; -- (Not supported for targeted family) ; --            ; sequence_detector_fsm ; Top                         ;
; PARTITION_NETLIST_TYPE               ; -- (Not supported for targeted family) ; --            ; sequence_detector_fsm ; Top                         ;
; POWER_BOARD_THERMAL_MODEL            ; None (CONSERVATIVE)                    ; --            ; --                    ; --                          ;
; POWER_PRESET_COOLING_SOLUTION        ; 23 MM HEAT SINK WITH 200 LFPM AIRFLOW  ; --            ; --                    ; --                          ;
+--------------------------------------+----------------------------------------+---------------+-----------------------+-----------------------------+


+--------------------------------------------------------------------------------------------------------------------------+
; Flow Elapsed Time                                                                                                        ;
+----------------------+--------------+-------------------------+---------------------+------------------------------------+
; Module Name          ; Elapsed Time ; Average Processors Used ; Peak Virtual Memory ; Total CPU Time (on all processors) ;
+----------------------+--------------+-------------------------+---------------------+------------------------------------+
; Analysis & Synthesis ; 00:00:17     ; 1.0                     ; 4764 MB             ; 00:00:40                           ;
; Fitter               ; 00:00:11     ; 1.0                     ; 5530 MB             ; 00:00:14                           ;
; Assembler            ; 00:00:03     ; 1.0                     ; 4689 MB             ; 00:00:03                           ;
; Timing Analyzer      ; 00:00:06     ; 1.0                     ; 4791 MB             ; 00:00:04                           ;
; EDA Netlist Writer   ; 00:00:02     ; 1.0                     ; 4646 MB             ; 00:00:02                           ;
; Total                ; 00:00:39     ; --                      ; --                  ; 00:01:03                           ;
+----------------------+--------------+-------------------------+---------------------+------------------------------------+


+------------------------------------------------------------------------------------+
; Flow OS Summary                                                                    ;
+----------------------+------------------+------------+------------+----------------+
; Module Name          ; Machine Hostname ; OS Name    ; OS Version ; Processor type ;
+----------------------+------------------+------------+------------+----------------+
; Analysis & Synthesis ; LAPTOP-2OEVKV8M  ; Windows 10 ; 10.0       ; x86_64         ;
; Fitter               ; LAPTOP-2OEVKV8M  ; Windows 10 ; 10.0       ; x86_64         ;
; Assembler            ; LAPTOP-2OEVKV8M  ; Windows 10 ; 10.0       ; x86_64         ;
; Timing Analyzer      ; LAPTOP-2OEVKV8M  ; Windows 10 ; 10.0       ; x86_64         ;
; EDA Netlist Writer   ; LAPTOP-2OEVKV8M  ; Windows 10 ; 10.0       ; x86_64         ;
+----------------------+------------------+------------+------------+----------------+


------------
; Flow Log ;
------------
quartus_map --read_settings_files=on --write_settings_files=off Sequence_Detector_FSM -c Sequence_Detector_FSM
quartus_fit --read_settings_files=off --write_settings_files=off Sequence_Detector_FSM -c Sequence_Detector_FSM
quartus_asm --read_settings_files=off --write_settings_files=off Sequence_Detector_FSM -c Sequence_Detector_FSM
quartus_sta Sequence_Detector_FSM -c Sequence_Detector_FSM
quartus_eda --read_settings_files=off --write_settings_files=off Sequence_Detector_FSM -c Sequence_Detector_FSM



