Flow report for ADC
Fri Nov 20 23:01:27 2020
Quartus Prime Version 19.1.0 Build 670 09/22/2019 SJ Lite Edition


---------------------
; Table of Contents ;
---------------------
  1. Legal Notice
  2. Flow Summary
  3. Flow Settings
  4. Flow Non-Default Global Settings
  5. Flow Elapsed Time
  6. Flow OS Summary
  7. Flow Log
  8. Flow Messages
  9. Flow Suppressed Messages



----------------
; Legal Notice ;
----------------
Copyright (C) 2019  Intel Corporation. All rights reserved.
Your use of Intel Corporation's design tools, logic functions 
and other software and tools, and any partner logic 
functions, and any output files from any of the foregoing 
(including device programming or simulation files), and any 
associated documentation or information are expressly subject 
to the terms and conditions of the Intel Program License 
Subscription Agreement, the Intel Quartus Prime License Agreement,
the Intel FPGA IP License Agreement, or other applicable license
agreement, including, without limitation, that your use is for
the sole purpose of programming logic devices manufactured by
Intel and sold by Intel or its authorized distributors.  Please
refer to the applicable agreement for further details, at
https://fpgasoftware.intel.com/eula.



+----------------------------------------------------------------------------------+
; Flow Summary                                                                     ;
+------------------------------------+---------------------------------------------+
; Flow Status                        ; Successful - Fri Nov 20 23:01:27 2020       ;
; Quartus Prime Version              ; 19.1.0 Build 670 09/22/2019 SJ Lite Edition ;
; Revision Name                      ; ADC                                         ;
; Top-level Entity Name              ; ADC                                         ;
; Family                             ; Cyclone IV E                                ;
; Device                             ; EP4CE22F17C6                                ;
; Timing Models                      ; Final                                       ;
; Total logic elements               ; 67 / 22,320 ( < 1 % )                       ;
;     Total combinational functions  ; 18 / 22,320 ( < 1 % )                       ;
;     Dedicated logic registers      ; 56 / 22,320 ( < 1 % )                       ;
; Total registers                    ; 56                                          ;
; Total pins                         ; 41 / 154 ( 27 % )                           ;
; Total virtual pins                 ; 0                                           ;
; Total memory bits                  ; 0 / 608,256 ( 0 % )                         ;
; Embedded Multiplier 9-bit elements ; 0 / 132 ( 0 % )                             ;
; Total PLLs                         ; 0 / 4 ( 0 % )                               ;
+------------------------------------+---------------------------------------------+


+-----------------------------------------+
; Flow Settings                           ;
+-------------------+---------------------+
; Option            ; Setting             ;
+-------------------+---------------------+
; Start date & time ; 11/20/2020 23:00:55 ;
; Main task         ; Compilation         ;
; Revision Name     ; ADC                 ;
+-------------------+---------------------+


+------------------------------------------------------------------------------------------------------------------------------------------------+
; Flow Non-Default Global Settings                                                                                                               ;
+-------------------------------------+----------------------------------------+---------------+-------------+-----------------------------------+
; Assignment Name                     ; Value                                  ; Default Value ; Entity Name ; Section Id                        ;
+-------------------------------------+----------------------------------------+---------------+-------------+-----------------------------------+
; COMPILER_SIGNATURE_ID               ; 4459188059839.160589345550738          ; --            ; --          ; --                                ;
; EDA_GENERATE_FUNCTIONAL_NETLIST     ; Off                                    ; --            ; --          ; eda_board_design_timing           ;
; EDA_GENERATE_FUNCTIONAL_NETLIST     ; Off                                    ; --            ; --          ; eda_board_design_boundary_scan    ;
; EDA_GENERATE_FUNCTIONAL_NETLIST     ; Off                                    ; --            ; --          ; eda_board_design_signal_integrity ;
; EDA_GENERATE_FUNCTIONAL_NETLIST     ; Off                                    ; --            ; --          ; eda_board_design_symbol           ;
; EDA_OUTPUT_DATA_FORMAT              ; Verilog Hdl                            ; --            ; --          ; eda_simulation                    ;
; EDA_SIMULATION_TOOL                 ; ModelSim-Altera (Verilog)              ; <None>        ; --          ; --                                ;
; EDA_TIME_SCALE                      ; 1 ps                                   ; --            ; --          ; eda_simulation                    ;
; MAX_CORE_JUNCTION_TEMP              ; 85                                     ; --            ; --          ; --                                ;
; MIN_CORE_JUNCTION_TEMP              ; 0                                      ; --            ; --          ; --                                ;
; NOMINAL_CORE_SUPPLY_VOLTAGE         ; 1.2V                                   ; --            ; --          ; --                                ;
; PARTITION_COLOR                     ; -- (Not supported for targeted family) ; --            ; --          ; Top                               ;
; PARTITION_FITTER_PRESERVATION_LEVEL ; -- (Not supported for targeted family) ; --            ; --          ; Top                               ;
; PARTITION_NETLIST_TYPE              ; -- (Not supported for targeted family) ; --            ; --          ; Top                               ;
; PROJECT_OUTPUT_DIRECTORY            ; output_files                           ; --            ; --          ; --                                ;
+-------------------------------------+----------------------------------------+---------------+-------------+-----------------------------------+


+--------------------------------------------------------------------------------------------------------------------------+
; Flow Elapsed Time                                                                                                        ;
+----------------------+--------------+-------------------------+---------------------+------------------------------------+
; Module Name          ; Elapsed Time ; Average Processors Used ; Peak Virtual Memory ; Total CPU Time (on all processors) ;
+----------------------+--------------+-------------------------+---------------------+------------------------------------+
; Analysis & Synthesis ; 00:00:07     ; 1.0                     ; 911 MB              ; 00:00:20                           ;
; Fitter               ; 00:00:05     ; 1.0                     ; 1532 MB             ; 00:00:07                           ;
; Assembler            ; 00:00:00     ; 1.0                     ; 803 MB              ; 00:00:01                           ;
; Timing Analyzer      ; 00:00:01     ; 1.0                     ; 837 MB              ; 00:00:01                           ;
; EDA Netlist Writer   ; 00:00:00     ; 1.0                     ; 1023 MB             ; 00:00:00                           ;
; EDA Netlist Writer   ; 00:00:00     ; 1.0                     ; 1018 MB             ; 00:00:00                           ;
; EDA Netlist Writer   ; 00:00:00     ; 1.0                     ; 1022 MB             ; 00:00:00                           ;
; Total                ; 00:00:13     ; --                      ; --                  ; 00:00:29                           ;
+----------------------+--------------+-------------------------+---------------------+------------------------------------+


+---------------------------------------------------------------------------------------------------------------------+
; Flow OS Summary                                                                                                     ;
+----------------------+-----------------------------------------------+----------------+------------+----------------+
; Module Name          ; Machine Hostname                              ; OS Name        ; OS Version ; Processor type ;
+----------------------+-----------------------------------------------+----------------+------------+----------------+
; Analysis & Synthesis ; amshra267-HP-Pavilion-Gaming-Laptop-15-dk0xxx ; Ubuntu 20.04.1 ; 20         ; x86_64         ;
; Fitter               ; amshra267-HP-Pavilion-Gaming-Laptop-15-dk0xxx ; Ubuntu 20.04.1 ; 20         ; x86_64         ;
; Assembler            ; amshra267-HP-Pavilion-Gaming-Laptop-15-dk0xxx ; Ubuntu 20.04.1 ; 20         ; x86_64         ;
; Timing Analyzer      ; amshra267-HP-Pavilion-Gaming-Laptop-15-dk0xxx ; Ubuntu 20.04.1 ; 20         ; x86_64         ;
; EDA Netlist Writer   ; amshra267-HP-Pavilion-Gaming-Laptop-15-dk0xxx ; Ubuntu 20.04.1 ; 20         ; x86_64         ;
; EDA Netlist Writer   ; amshra267-HP-Pavilion-Gaming-Laptop-15-dk0xxx ; Ubuntu 20.04.1 ; 20         ; x86_64         ;
; EDA Netlist Writer   ; amshra267-HP-Pavilion-Gaming-Laptop-15-dk0xxx ; Ubuntu 20.04.1 ; 20         ; x86_64         ;
+----------------------+-----------------------------------------------+----------------+------------+----------------+


------------
; Flow Log ;
------------
quartus_map --read_settings_files=on --write_settings_files=off ADC -c ADC
quartus_fit --read_settings_files=off --write_settings_files=off ADC -c ADC
quartus_asm --read_settings_files=off --write_settings_files=off ADC -c ADC
quartus_sta ADC -c ADC
quartus_eda --read_settings_files=off --write_settings_files=off ADC -c ADC
quartus_eda --gen_testbench --tool=modelsim_oem --format=verilog --write_settings_files=off ADC -c ADC --vector_source=/media/amshra267/sa44/E--Yantra-Sankatmochan-Bot-/SM#2218_Task2/ADC/Waveform.vwf --testbench_file=/media/amshra267/sa44/E--Yantra-Sankatmochan-Bot-/SM#2218_Task2/ADC/simulation/qsim/Waveform.vwf.vt
quartus_eda --write_settings_files=off --simulation=on --functional=on --flatten_buses=off --tool=modelsim_oem --format=verilog --output_directory=/media/amshra267/sa44/E--Yantra-Sankatmochan-Bot-/SM#2218_Task2/ADC/simulation/qsim/ ADC -c ADC



